# JRE version: Java(TM) SE Runtime Environment (17.0.7+8) (build 17.0.7+8-LTS-224)
# Java VM: Java HotSpot(TM) 64-Bit Server VM (17.0.7+8-LTS-224, mixed mode, sharing, tiered, compressed oops, compressed class ptrs, g1 gc, windows-amd64)
GC Precious Log:
 CPUs: 4 total, 4 available
 Memory: 3534M
 Large Page Support: Disabled
 NUMA Support: Disabled
 Compressed Oops: Enabled (32-bit)
 Heap Region Size: 1M
 Heap Min Capacity: 8M
 Heap Initial Capacity: 56M
 Heap Max Capacity: 884M
 Pre-touch: Disabled
 Parallel Workers: 4
 Concurrent Workers: 1
 Concurrent Refinement Workers: 4
 Periodic GC: Disabled
Heap:
 garbage-first heap   total 57344K, used 28778K [0x00000000c8c00000, 0x0000000100000000)
  region size 1024K, 24 young (24576K), 3 survivors (3072K)
 Metaspace       used 15121K, committed 15424K, reserved 1064960K
  class space    used 2036K, committed 2176K, reserved 1048576K
GC Heap History (6 events):
Event: 4.470 GC heap before
{Heap before GC invocations=0 (full 0):
 garbage-first heap   total 57344K, used 14336K [0x00000000c8c00000, 0x0000000100000000)
  region size 1024K, 13 young (13312K), 0 survivors (0K)
 Metaspace       used 3018K, committed 3136K, reserved 1056768K
  class space    used 305K, committed 384K, reserved 1048576K
}
Event: 4.571 GC heap after
{Heap after GC invocations=1 (full 0):
 garbage-first heap   total 57344K, used 7083K [0x00000000c8c00000, 0x0000000100000000)
  region size 1024K, 2 young (2048K), 2 survivors (2048K)
 Metaspace       used 3018K, committed 3136K, reserved 1056768K
  class space    used 305K, committed 384K, reserved 1048576K
}
Event: 7.616 GC heap before
{Heap before GC invocations=1 (full 0):
 garbage-first heap   total 57344K, used 18347K [0x00000000c8c00000, 0x0000000100000000)
  region size 1024K, 13 young (13312K), 2 survivors (2048K)
 Metaspace       used 5818K, committed 6016K, reserved 1056768K
  class space    used 674K, committed 768K, reserved 1048576K
}
Event: 7.621 GC heap after
{Heap after GC invocations=2 (full 0):
 garbage-first heap   total 57344K, used 7859K [0x00000000c8c00000, 0x0000000100000000)
  region size 1024K, 1 young (1024K), 1 survivors (1024K)
 Metaspace       used 5818K, committed 6016K, reserved 1056768K
  class space    used 674K, committed 768K, reserved 1048576K
}
Event: 10.931 GC heap before
{Heap before GC invocations=2 (full 0):
 garbage-first heap   total 57344K, used 25267K [0x00000000c8c00000, 0x0000000100000000)
  region size 1024K, 19 young (19456K), 1 survivors (1024K)
 Metaspace       used 10250K, committed 10560K, reserved 1064960K
  class space    used 1317K, committed 1472K, reserved 1048576K
}
Event: 10.937 GC heap after
{Heap after GC invocations=3 (full 0):
 garbage-first heap   total 57344K, used 9322K [0x00000000c8c00000, 0x0000000100000000)
  region size 1024K, 3 young (3072K), 3 survivors (3072K)
 Metaspace       used 10250K, committed 10560K, reserved 1064960K
  class space    used 1317K, committed 1472K, reserved 1048576K
}

