# JRE version: Java(TM) SE Runtime Environment (17.0.7+8) (build 17.0.7+8-LTS-224)
# Java VM: Java HotSpot(TM) 64-Bit Server VM (17.0.7+8-LTS-224, mixed mode, sharing, tiered, compressed oops, compressed class ptrs, g1 gc, windows-amd64)
GC Precious Log:
 CPUs: 4 total, 4 available
 Memory: 3534M
 Large Page Support: Disabled
 NUMA Support: Disabled
 Compressed Oops: Enabled (32-bit)
 Heap Region Size: 1M
 Heap Min Capacity: 8M
 Heap Initial Capacity: 56M
 Heap Max Capacity: 884M
 Pre-touch: Disabled
 Parallel Workers: 4
 Concurrent Workers: 1
 Concurrent Refinement Workers: 4
 Periodic GC: Disabled
Heap:
 garbage-first heap   total 76800K, used 40071K [0x00000000c8c00000, 0x0000000100000000)
  region size 1024K, 2 young (2048K), 2 survivors (2048K)
 Metaspace       used 81587K, committed 82304K, reserved 1122304K
  class space    used 11309K, committed 11648K, reserved 1048576K
GC Heap History (20 events):
Event: 30.622 GC heap after
{Heap after GC invocations=26 (full 0):
 garbage-first heap   total 51200K, used 31785K [0x00000000c8c00000, 0x0000000100000000)
  region size 1024K, 2 young (2048K), 2 survivors (2048K)
 Metaspace       used 68498K, committed 69120K, reserved 1114112K
  class space    used 9325K, committed 9600K, reserved 1048576K
}
Event: 31.172 GC heap before
{Heap before GC invocations=27 (full 0):
 garbage-first heap   total 58368K, used 39977K [0x00000000c8c00000, 0x0000000100000000)
  region size 1024K, 11 young (11264K), 2 survivors (2048K)
 Metaspace       used 69458K, committed 70016K, reserved 1114112K
  class space    used 9464K, committed 9728K, reserved 1048576K
}
Event: 31.176 GC heap after
{Heap after GC invocations=28 (full 0):
 garbage-first heap   total 58368K, used 32972K [0x00000000c8c00000, 0x0000000100000000)
  region size 1024K, 2 young (2048K), 2 survivors (2048K)
 Metaspace       used 69458K, committed 70016K, reserved 1114112K
  class space    used 9464K, committed 9728K, reserved 1048576K
}
Event: 31.723 GC heap before
{Heap before GC invocations=28 (full 0):
 garbage-first heap   total 58368K, used 46284K [0x00000000c8c00000, 0x0000000100000000)
  region size 1024K, 15 young (15360K), 2 survivors (2048K)
 Metaspace       used 71181K, committed 71744K, reserved 1114112K
  class space    used 9703K, committed 9920K, reserved 1048576K
}
Event: 31.728 GC heap after
{Heap after GC invocations=29 (full 0):
 garbage-first heap   total 58368K, used 34410K [0x00000000c8c00000, 0x0000000100000000)
  region size 1024K, 2 young (2048K), 2 survivors (2048K)
 Metaspace       used 71181K, committed 71744K, reserved 1114112K
  class space    used 9703K, committed 9920K, reserved 1048576K
}
Event: 49.248 GC heap before
{Heap before GC invocations=30 (full 0):
 garbage-first heap   total 60416K, used 46698K [0x00000000c8c00000, 0x0000000100000000)
  region size 1024K, 14 young (14336K), 2 survivors (2048K)
 Metaspace       used 73419K, committed 74048K, reserved 1114112K
  class space    used 10039K, committed 10304K, reserved 1048576K
}
Event: 49.304 GC heap after
{Heap after GC invocations=31 (full 0):
 garbage-first heap   total 60416K, used 35001K [0x00000000c8c00000, 0x0000000100000000)
  region size 1024K, 1 young (1024K), 1 survivors (1024K)
 Metaspace       used 73419K, committed 74048K, reserved 1114112K
  class space    used 10039K, committed 10304K, reserved 1048576K
}
Event: 281.858 GC heap before
{Heap before GC invocations=31 (full 0):
 garbage-first heap   total 60416K, used 49337K [0x00000000c8c00000, 0x0000000100000000)
  region size 1024K, 15 young (15360K), 1 survivors (1024K)
 Metaspace       used 74613K, committed 75264K, reserved 1114112K
  class space    used 10174K, committed 10496K, reserved 1048576K
}
Event: 281.914 GC heap after
{Heap after GC invocations=32 (full 0):
 garbage-first heap   total 60416K, used 35211K [0x00000000c8c00000, 0x0000000100000000)
  region size 1024K, 1 young (1024K), 1 survivors (1024K)
 Metaspace       used 74613K, committed 75264K, reserved 1114112K
  class space    used 10174K, committed 10496K, reserved 1048576K
}
Event: 284.553 GC heap before
{Heap before GC invocations=33 (full 0):
 garbage-first heap   total 63488K, used 47499K [0x00000000c8c00000, 0x0000000100000000)
  region size 1024K, 14 young (14336K), 1 survivors (1024K)
 Metaspace       used 77291K, committed 77952K, reserved 1122304K
  class space    used 10700K, committed 11008K, reserved 1048576K
}
Event: 284.576 GC heap after
{Heap after GC invocations=34 (full 0):
 garbage-first heap   total 63488K, used 37123K [0x00000000c8c00000, 0x0000000100000000)
  region size 1024K, 2 young (2048K), 2 survivors (2048K)
 Metaspace       used 77291K, committed 77952K, reserved 1122304K
  class space    used 10700K, committed 11008K, reserved 1048576K
}
Event: 284.837 GC heap before
{Heap before GC invocations=34 (full 0):
 garbage-first heap   total 63488K, used 38147K [0x00000000c8c00000, 0x0000000100000000)
  region size 1024K, 3 young (3072K), 2 survivors (2048K)
 Metaspace       used 77316K, committed 77952K, reserved 1122304K
  class space    used 10702K, committed 11008K, reserved 1048576K
}
Event: 284.903 GC heap after
{Heap after GC invocations=35 (full 0):
 garbage-first heap   total 63488K, used 37481K [0x00000000c8c00000, 0x0000000100000000)
  region size 1024K, 1 young (1024K), 1 survivors (1024K)
 Metaspace       used 77316K, committed 77952K, reserved 1122304K
  class space    used 10702K, committed 11008K, reserved 1048576K
}
Event: 285.143 GC heap before
{Heap before GC invocations=35 (full 0):
 garbage-first heap   total 63488K, used 49769K [0x00000000c8c00000, 0x0000000100000000)
  region size 1024K, 13 young (13312K), 1 survivors (1024K)
 Metaspace       used 77329K, committed 77952K, reserved 1122304K
  class space    used 10702K, committed 11008K, reserved 1048576K
}
Event: 285.152 GC heap after
{Heap after GC invocations=36 (full 0):
 garbage-first heap   total 63488K, used 39055K [0x00000000c8c00000, 0x0000000100000000)
  region size 1024K, 2 young (2048K), 2 survivors (2048K)
 Metaspace       used 77329K, committed 77952K, reserved 1122304K
  class space    used 10702K, committed 11008K, reserved 1048576K
}
Event: 285.351 GC heap before
{Heap before GC invocations=37 (full 0):
 garbage-first heap   total 76800K, used 50319K [0x00000000c8c00000, 0x0000000100000000)
  region size 1024K, 13 young (13312K), 2 survivors (2048K)
 Metaspace       used 77344K, committed 77952K, reserved 1122304K
  class space    used 10702K, committed 11008K, reserved 1048576K
}
Event: 285.386 GC heap after
{Heap after GC invocations=38 (full 0):
 garbage-first heap   total 76800K, used 39368K [0x00000000c8c00000, 0x0000000100000000)
  region size 1024K, 1 young (1024K), 1 survivors (1024K)
 Metaspace       used 77344K, committed 77952K, reserved 1122304K
  class space    used 10702K, committed 11008K, reserved 1048576K
}
Event: 285.405 GC heap before
{Heap before GC invocations=38 (full 0):
 garbage-first heap   total 76800K, used 41416K [0x00000000c8c00000, 0x0000000100000000)
  region size 1024K, 3 young (3072K), 1 survivors (1024K)
 Metaspace       used 77344K, committed 77952K, reserved 1122304K
  class space    used 10703K, committed 11008K, reserved 1048576K
}
Event: 285.427 GC heap after
{Heap after GC invocations=39 (full 0):
 garbage-first heap   total 76800K, used 39323K [0x00000000c8c00000, 0x0000000100000000)
  region size 1024K, 1 young (1024K), 1 survivors (1024K)
 Metaspace       used 77344K, committed 77952K, reserved 1122304K
  class space    used 10703K, committed 11008K, reserved 1048576K
}
Event: 334.749 GC heap before
{Heap before GC invocations=39 (full 0):
 garbage-first heap   total 76800K, used 58779K [0x00000000c8c00000, 0x0000000100000000)
  region size 1024K, 21 young (21504K), 1 survivors (1024K)
 Metaspace       used 81587K, committed 82304K, reserved 1122304K
  class space    used 11309K, committed 11648K, reserved 1048576K
}

