# JRE version: Java(TM) SE Runtime Environment (17.0.7+8) (build 17.0.7+8-LTS-224)
# Java VM: Java HotSpot(TM) 64-Bit Server VM (17.0.7+8-LTS-224, mixed mode, sharing, tiered, compressed oops, compressed class ptrs, g1 gc, windows-amd64)
GC Precious Log:
 CPUs: 4 total, 4 available
 Memory: 3534M
 Large Page Support: Disabled
 NUMA Support: Disabled
 Compressed Oops: Enabled (32-bit)
 Heap Region Size: 1M
 Heap Min Capacity: 8M
 Heap Initial Capacity: 56M
 Heap Max Capacity: 884M
 Pre-touch: Disabled
 Parallel Workers: 4
 Concurrent Workers: 1
 Concurrent Refinement Workers: 4
 Periodic GC: Disabled
Heap:
 garbage-first heap   total 55296K, used 29435K [0x00000000c8c00000, 0x0000000100000000)
  region size 1024K, 13 young (13312K), 3 survivors (3072K)
 Metaspace       used 33054K, committed 33472K, reserved 1081344K
  class space    used 4321K, committed 4544K, reserved 1048576K
GC Heap History (18 events):
Event: 2.956 GC heap before
{Heap before GC invocations=0 (full 0):
 garbage-first heap   total 57344K, used 14336K [0x00000000c8c00000, 0x0000000100000000)
  region size 1024K, 13 young (13312K), 0 survivors (0K)
 Metaspace       used 3003K, committed 3136K, reserved 1056768K
  class space    used 305K, committed 384K, reserved 1048576K
}
Event: 2.969 GC heap after
{Heap after GC invocations=1 (full 0):
 garbage-first heap   total 57344K, used 7152K [0x00000000c8c00000, 0x0000000100000000)
  region size 1024K, 2 young (2048K), 2 survivors (2048K)
 Metaspace       used 3003K, committed 3136K, reserved 1056768K
  class space    used 305K, committed 384K, reserved 1048576K
}
Event: 4.266 GC heap before
{Heap before GC invocations=1 (full 0):
 garbage-first heap   total 57344K, used 16368K [0x00000000c8c00000, 0x0000000100000000)
  region size 1024K, 12 young (12288K), 2 survivors (2048K)
 Metaspace       used 5509K, committed 5696K, reserved 1056768K
  class space    used 639K, committed 768K, reserved 1048576K
}
Event: 4.271 GC heap after
{Heap after GC invocations=2 (full 0):
 garbage-first heap   total 57344K, used 7844K [0x00000000c8c00000, 0x0000000100000000)
  region size 1024K, 1 young (1024K), 1 survivors (1024K)
 Metaspace       used 5509K, committed 5696K, reserved 1056768K
  class space    used 639K, committed 768K, reserved 1048576K
}
Event: 6.208 GC heap before
{Heap before GC invocations=2 (full 0):
 garbage-first heap   total 57344K, used 25252K [0x00000000c8c00000, 0x0000000100000000)
  region size 1024K, 19 young (19456K), 1 survivors (1024K)
 Metaspace       used 9922K, committed 10240K, reserved 1064960K
  class space    used 1285K, committed 1472K, reserved 1048576K
}
Event: 6.213 GC heap after
{Heap after GC invocations=3 (full 0):
 garbage-first heap   total 57344K, used 9517K [0x00000000c8c00000, 0x0000000100000000)
  region size 1024K, 3 young (3072K), 3 survivors (3072K)
 Metaspace       used 9922K, committed 10240K, reserved 1064960K
  class space    used 1285K, committed 1472K, reserved 1048576K
}
Event: 7.874 GC heap before
{Heap before GC invocations=3 (full 0):
 garbage-first heap   total 57344K, used 33069K [0x00000000c8c00000, 0x0000000100000000)
  region size 1024K, 27 young (27648K), 3 survivors (3072K)
 Metaspace       used 15528K, committed 15872K, reserved 1064960K
  class space    used 2075K, committed 2240K, reserved 1048576K
}
Event: 7.884 GC heap after
{Heap after GC invocations=4 (full 0):
 garbage-first heap   total 57344K, used 10654K [0x00000000c8c00000, 0x0000000100000000)
  region size 1024K, 3 young (3072K), 3 survivors (3072K)
 Metaspace       used 15528K, committed 15872K, reserved 1064960K
  class space    used 2075K, committed 2240K, reserved 1048576K
}
Event: 9.389 GC heap before
{Heap before GC invocations=4 (full 0):
 garbage-first heap   total 57344K, used 38302K [0x00000000c8c00000, 0x0000000100000000)
  region size 1024K, 31 young (31744K), 3 survivors (3072K)
 Metaspace       used 20961K, committed 21312K, reserved 1073152K
  class space    used 2714K, committed 2880K, reserved 1048576K
}
Event: 9.405 GC heap after
{Heap after GC invocations=5 (full 0):
 garbage-first heap   total 57344K, used 13429K [0x00000000c8c00000, 0x0000000100000000)
  region size 1024K, 4 young (4096K), 4 survivors (4096K)
 Metaspace       used 20961K, committed 21312K, reserved 1073152K
  class space    used 2714K, committed 2880K, reserved 1048576K
}
Event: 9.482 GC heap before
{Heap before GC invocations=5 (full 0):
 garbage-first heap   total 57344K, used 13429K [0x00000000c8c00000, 0x0000000100000000)
  region size 1024K, 5 young (5120K), 4 survivors (4096K)
 Metaspace       used 21134K, committed 21504K, reserved 1073152K
  class space    used 2734K, committed 2880K, reserved 1048576K
}
Event: 9.491 GC heap after
{Heap after GC invocations=6 (full 0):
 garbage-first heap   total 57344K, used 14035K [0x00000000c8c00000, 0x0000000100000000)
  region size 1024K, 1 young (1024K), 1 survivors (1024K)
 Metaspace       used 21134K, committed 21504K, reserved 1073152K
  class space    used 2734K, committed 2880K, reserved 1048576K
}
Event: 12.350 GC heap before
{Heap before GC invocations=7 (full 0):
 garbage-first heap   total 55296K, used 39635K [0x00000000c8c00000, 0x0000000100000000)
  region size 1024K, 26 young (26624K), 1 survivors (1024K)
 Metaspace       used 24140K, committed 24512K, reserved 1073152K
  class space    used 3111K, committed 3264K, reserved 1048576K
}
Event: 12.356 GC heap after
{Heap after GC invocations=8 (full 0):
 garbage-first heap   total 55296K, used 15982K [0x00000000c8c00000, 0x0000000100000000)
  region size 1024K, 3 young (3072K), 3 survivors (3072K)
 Metaspace       used 24140K, committed 24512K, reserved 1073152K
  class space    used 3111K, committed 3264K, reserved 1048576K
}
Event: 20.822 GC heap before
{Heap before GC invocations=8 (full 0):
 garbage-first heap   total 55296K, used 38510K [0x00000000c8c00000, 0x0000000100000000)
  region size 1024K, 26 young (26624K), 3 survivors (3072K)
 Metaspace       used 27586K, committed 28032K, reserved 1081344K
  class space    used 3584K, committed 3776K, reserved 1048576K
}
Event: 20.834 GC heap after
{Heap after GC invocations=9 (full 0):
 garbage-first heap   total 55296K, used 17939K [0x00000000c8c00000, 0x0000000100000000)
  region size 1024K, 2 young (2048K), 2 survivors (2048K)
 Metaspace       used 27586K, committed 28032K, reserved 1081344K
  class space    used 3584K, committed 3776K, reserved 1048576K
}
Event: 24.662 GC heap before
{Heap before GC invocations=9 (full 0):
 garbage-first heap   total 55296K, used 40467K [0x00000000c8c00000, 0x0000000100000000)
  region size 1024K, 24 young (24576K), 2 survivors (2048K)
 Metaspace       used 31694K, committed 32128K, reserved 1081344K
  class space    used 4122K, committed 4352K, reserved 1048576K
}
Event: 24.675 GC heap after
{Heap after GC invocations=10 (full 0):
 garbage-first heap   total 55296K, used 20219K [0x00000000c8c00000, 0x0000000100000000)
  region size 1024K, 3 young (3072K), 3 survivors (3072K)
 Metaspace       used 31694K, committed 32128K, reserved 1081344K
  class space    used 4122K, committed 4352K, reserved 1048576K
}

